2020-01-04 23:20:13.178 [restartedMain] INFO  c.l.todoscore.TodoScoreApplication - Starting TodoScoreApplication on lewic-computer with PID 14088 (E:\Project\IntelliJIDEAProjects\todo-score\target\classes started by Administrator in E:\Project\IntelliJIDEAProjects\todo-score)
2020-01-04 23:20:13.180 [restartedMain] DEBUG c.l.todoscore.TodoScoreApplication - Running with Spring Boot v2.2.2.RELEASE, Spring v5.2.2.RELEASE
2020-01-04 23:20:13.180 [restartedMain] INFO  c.l.todoscore.TodoScoreApplication - The following profiles are active: dev
2020-01-04 23:20:13.217 [restartedMain] INFO  o.s.b.d.e.DevToolsPropertyDefaultsPostProcessor - Devtools property defaults active! Set 'spring.devtools.add-properties' to 'false' to disable
2020-01-04 23:20:13.218 [restartedMain] INFO  o.s.b.d.e.DevToolsPropertyDefaultsPostProcessor - For additional web related logging consider setting the 'logging.level.web' property to 'DEBUG'
2020-01-04 23:20:13.890 [restartedMain] INFO  o.s.c.s.PostProcessorRegistrationDelegate$BeanPostProcessorChecker - Bean 'org.springframework.transaction.annotation.ProxyTransactionManagementConfiguration' of type [org.springframework.transaction.annotation.ProxyTransactionManagementConfiguration] is not eligible for getting processed by all BeanPostProcessors (for example: not eligible for auto-proxying)
2020-01-04 23:20:14.097 [restartedMain] INFO  o.s.b.w.e.tomcat.TomcatWebServer - Tomcat initialized with port(s): 8989 (http)
2020-01-04 23:20:14.103 [restartedMain] INFO  o.a.coyote.http11.Http11NioProtocol - Initializing ProtocolHandler ["http-nio-8989"]
2020-01-04 23:20:14.103 [restartedMain] INFO  o.a.catalina.core.StandardService - Starting service [Tomcat]
2020-01-04 23:20:14.103 [restartedMain] INFO  o.a.catalina.core.StandardEngine - Starting Servlet engine: [Apache Tomcat/9.0.29]
2020-01-04 23:20:14.190 [restartedMain] INFO  o.a.c.c.C.[Tomcat].[localhost].[/] - Initializing Spring embedded WebApplicationContext
2020-01-04 23:20:14.190 [restartedMain] INFO  o.s.web.context.ContextLoader - Root WebApplicationContext: initialization completed in 972 ms
2020-01-04 23:20:14.599 [restartedMain] INFO  o.s.s.c.ThreadPoolTaskExecutor - Initializing ExecutorService 'applicationTaskExecutor'
2020-01-04 23:20:14.616 [restartedMain] INFO  o.s.b.d.a.OptionalLiveReloadServer - LiveReload server is running on port 35729
2020-01-04 23:20:14.693 [restartedMain] INFO  s.d.s.w.p.DocumentationPluginsBootstrapper - Context refreshed
2020-01-04 23:20:14.703 [restartedMain] INFO  s.d.s.w.p.DocumentationPluginsBootstrapper - Found 1 custom documentation plugin(s)
2020-01-04 23:20:14.710 [restartedMain] INFO  s.d.s.w.s.ApiListingReferenceScanner - Scanning for api listing references
2020-01-04 23:20:14.779 [restartedMain] INFO  o.a.coyote.http11.Http11NioProtocol - Starting ProtocolHandler ["http-nio-8989"]
2020-01-04 23:20:14.792 [restartedMain] INFO  o.s.b.w.e.tomcat.TomcatWebServer - Tomcat started on port(s): 8989 (http) with context path ''
2020-01-04 23:20:14.794 [restartedMain] INFO  c.l.todoscore.TodoScoreApplication - Started TodoScoreApplication in 1.88 seconds (JVM running for 2.709)
2020-01-04 23:20:55.326 [http-nio-8989-exec-1] INFO  o.a.c.c.C.[Tomcat].[localhost].[/] - Initializing Spring DispatcherServlet 'dispatcherServlet'
2020-01-04 23:20:55.326 [http-nio-8989-exec-1] INFO  o.s.web.servlet.DispatcherServlet - Initializing Servlet 'dispatcherServlet'
2020-01-04 23:20:55.329 [http-nio-8989-exec-1] INFO  o.s.web.servlet.DispatcherServlet - Completed initialization in 3 ms
2020-01-04 23:21:41.186 [http-nio-8989-exec-9] WARN  o.s.w.s.m.s.DefaultHandlerExceptionResolver - Resolved [org.springframework.web.bind.MissingServletRequestParameterException: Required User parameter 'user' is not present]
2020-01-04 23:25:29.032 [restartedMain] INFO  c.l.todoscore.TodoScoreApplication - Starting TodoScoreApplication on lewic-computer with PID 15304 (E:\Project\IntelliJIDEAProjects\todo-score\target\classes started by Administrator in E:\Project\IntelliJIDEAProjects\todo-score)
2020-01-04 23:25:29.034 [restartedMain] DEBUG c.l.todoscore.TodoScoreApplication - Running with Spring Boot v2.2.2.RELEASE, Spring v5.2.2.RELEASE
2020-01-04 23:25:29.034 [restartedMain] INFO  c.l.todoscore.TodoScoreApplication - The following profiles are active: dev
2020-01-04 23:25:29.069 [restartedMain] INFO  o.s.b.d.e.DevToolsPropertyDefaultsPostProcessor - Devtools property defaults active! Set 'spring.devtools.add-properties' to 'false' to disable
2020-01-04 23:25:29.070 [restartedMain] INFO  o.s.b.d.e.DevToolsPropertyDefaultsPostProcessor - For additional web related logging consider setting the 'logging.level.web' property to 'DEBUG'
2020-01-04 23:25:29.674 [restartedMain] INFO  o.s.c.s.PostProcessorRegistrationDelegate$BeanPostProcessorChecker - Bean 'org.springframework.transaction.annotation.ProxyTransactionManagementConfiguration' of type [org.springframework.transaction.annotation.ProxyTransactionManagementConfiguration] is not eligible for getting processed by all BeanPostProcessors (for example: not eligible for auto-proxying)
2020-01-04 23:25:29.859 [restartedMain] INFO  o.s.b.w.e.tomcat.TomcatWebServer - Tomcat initialized with port(s): 8989 (http)
2020-01-04 23:25:29.864 [restartedMain] INFO  o.a.coyote.http11.Http11NioProtocol - Initializing ProtocolHandler ["http-nio-8989"]
2020-01-04 23:25:29.865 [restartedMain] INFO  o.a.catalina.core.StandardService - Starting service [Tomcat]
2020-01-04 23:25:29.865 [restartedMain] INFO  o.a.catalina.core.StandardEngine - Starting Servlet engine: [Apache Tomcat/9.0.29]
2020-01-04 23:25:29.943 [restartedMain] INFO  o.a.c.c.C.[Tomcat].[localhost].[/] - Initializing Spring embedded WebApplicationContext
2020-01-04 23:25:29.943 [restartedMain] INFO  o.s.web.context.ContextLoader - Root WebApplicationContext: initialization completed in 873 ms
2020-01-04 23:25:30.331 [restartedMain] INFO  o.s.s.c.ThreadPoolTaskExecutor - Initializing ExecutorService 'applicationTaskExecutor'
2020-01-04 23:25:30.345 [restartedMain] INFO  o.s.b.d.a.OptionalLiveReloadServer - LiveReload server is running on port 35729
2020-01-04 23:25:30.419 [restartedMain] INFO  s.d.s.w.p.DocumentationPluginsBootstrapper - Context refreshed
2020-01-04 23:25:30.427 [restartedMain] INFO  s.d.s.w.p.DocumentationPluginsBootstrapper - Found 1 custom documentation plugin(s)
2020-01-04 23:25:30.434 [restartedMain] INFO  s.d.s.w.s.ApiListingReferenceScanner - Scanning for api listing references
2020-01-04 23:25:30.493 [restartedMain] INFO  o.a.coyote.http11.Http11NioProtocol - Starting ProtocolHandler ["http-nio-8989"]
2020-01-04 23:25:30.506 [restartedMain] INFO  o.s.b.w.e.tomcat.TomcatWebServer - Tomcat started on port(s): 8989 (http) with context path ''
2020-01-04 23:25:30.508 [restartedMain] INFO  c.l.todoscore.TodoScoreApplication - Started TodoScoreApplication in 1.723 seconds (JVM running for 2.403)
2020-01-04 23:25:36.699 [http-nio-8989-exec-1] INFO  o.a.c.c.C.[Tomcat].[localhost].[/] - Initializing Spring DispatcherServlet 'dispatcherServlet'
2020-01-04 23:25:36.699 [http-nio-8989-exec-1] INFO  o.s.web.servlet.DispatcherServlet - Initializing Servlet 'dispatcherServlet'
2020-01-04 23:25:36.702 [http-nio-8989-exec-1] INFO  o.s.web.servlet.DispatcherServlet - Completed initialization in 3 ms
2020-01-04 23:27:53.581 [restartedMain] INFO  c.l.todoscore.TodoScoreApplication - Starting TodoScoreApplication on lewic-computer with PID 22044 (E:\Project\IntelliJIDEAProjects\todo-score\target\classes started by Administrator in E:\Project\IntelliJIDEAProjects\todo-score)
2020-01-04 23:27:53.583 [restartedMain] DEBUG c.l.todoscore.TodoScoreApplication - Running with Spring Boot v2.2.2.RELEASE, Spring v5.2.2.RELEASE
2020-01-04 23:27:53.583 [restartedMain] INFO  c.l.todoscore.TodoScoreApplication - The following profiles are active: dev
2020-01-04 23:27:53.635 [restartedMain] INFO  o.s.b.d.e.DevToolsPropertyDefaultsPostProcessor - Devtools property defaults active! Set 'spring.devtools.add-properties' to 'false' to disable
2020-01-04 23:27:53.635 [restartedMain] INFO  o.s.b.d.e.DevToolsPropertyDefaultsPostProcessor - For additional web related logging consider setting the 'logging.level.web' property to 'DEBUG'
2020-01-04 23:27:54.219 [restartedMain] INFO  o.s.c.s.PostProcessorRegistrationDelegate$BeanPostProcessorChecker - Bean 'org.springframework.transaction.annotation.ProxyTransactionManagementConfiguration' of type [org.springframework.transaction.annotation.ProxyTransactionManagementConfiguration] is not eligible for getting processed by all BeanPostProcessors (for example: not eligible for auto-proxying)
2020-01-04 23:27:54.404 [restartedMain] INFO  o.s.b.w.e.tomcat.TomcatWebServer - Tomcat initialized with port(s): 8989 (http)
2020-01-04 23:27:54.409 [restartedMain] INFO  o.a.coyote.http11.Http11NioProtocol - Initializing ProtocolHandler ["http-nio-8989"]
2020-01-04 23:27:54.410 [restartedMain] INFO  o.a.catalina.core.StandardService - Starting service [Tomcat]
2020-01-04 23:27:54.410 [restartedMain] INFO  o.a.catalina.core.StandardEngine - Starting Servlet engine: [Apache Tomcat/9.0.29]
2020-01-04 23:27:54.488 [restartedMain] INFO  o.a.c.c.C.[Tomcat].[localhost].[/] - Initializing Spring embedded WebApplicationContext
2020-01-04 23:27:54.488 [restartedMain] INFO  o.s.web.context.ContextLoader - Root WebApplicationContext: initialization completed in 852 ms
2020-01-04 23:27:54.863 [restartedMain] INFO  o.s.s.c.ThreadPoolTaskExecutor - Initializing ExecutorService 'applicationTaskExecutor'
2020-01-04 23:27:54.876 [restartedMain] INFO  o.s.b.d.a.OptionalLiveReloadServer - LiveReload server is running on port 35729
2020-01-04 23:27:54.947 [restartedMain] INFO  s.d.s.w.p.DocumentationPluginsBootstrapper - Context refreshed
2020-01-04 23:27:54.955 [restartedMain] INFO  s.d.s.w.p.DocumentationPluginsBootstrapper - Found 1 custom documentation plugin(s)
2020-01-04 23:27:54.962 [restartedMain] INFO  s.d.s.w.s.ApiListingReferenceScanner - Scanning for api listing references
2020-01-04 23:27:55.043 [restartedMain] INFO  o.a.coyote.http11.Http11NioProtocol - Starting ProtocolHandler ["http-nio-8989"]
2020-01-04 23:27:55.056 [restartedMain] INFO  o.s.b.w.e.tomcat.TomcatWebServer - Tomcat started on port(s): 8989 (http) with context path ''
2020-01-04 23:27:55.057 [restartedMain] INFO  c.l.todoscore.TodoScoreApplication - Started TodoScoreApplication in 1.708 seconds (JVM running for 2.387)
2020-01-04 23:27:58.793 [http-nio-8989-exec-1] INFO  o.a.c.c.C.[Tomcat].[localhost].[/] - Initializing Spring DispatcherServlet 'dispatcherServlet'
2020-01-04 23:27:58.794 [http-nio-8989-exec-1] INFO  o.s.web.servlet.DispatcherServlet - Initializing Servlet 'dispatcherServlet'
2020-01-04 23:27:58.797 [http-nio-8989-exec-1] INFO  o.s.web.servlet.DispatcherServlet - Completed initialization in 3 ms
2020-01-04 23:59:22.039 [restartedMain] INFO  c.l.todoscore.TodoScoreApplication - Starting TodoScoreApplication on lewic-computer with PID 18588 (E:\Project\IntelliJIDEAProjects\todo-score\target\classes started by Administrator in E:\Project\IntelliJIDEAProjects\todo-score)
2020-01-04 23:59:22.040 [restartedMain] DEBUG c.l.todoscore.TodoScoreApplication - Running with Spring Boot v2.2.2.RELEASE, Spring v5.2.2.RELEASE
2020-01-04 23:59:22.041 [restartedMain] INFO  c.l.todoscore.TodoScoreApplication - The following profiles are active: dev
2020-01-04 23:59:22.093 [restartedMain] INFO  o.s.b.d.e.DevToolsPropertyDefaultsPostProcessor - Devtools property defaults active! Set 'spring.devtools.add-properties' to 'false' to disable
2020-01-04 23:59:22.093 [restartedMain] INFO  o.s.b.d.e.DevToolsPropertyDefaultsPostProcessor - For additional web related logging consider setting the 'logging.level.web' property to 'DEBUG'
2020-01-04 23:59:22.689 [restartedMain] INFO  o.s.c.s.PostProcessorRegistrationDelegate$BeanPostProcessorChecker - Bean 'org.springframework.transaction.annotation.ProxyTransactionManagementConfiguration' of type [org.springframework.transaction.annotation.ProxyTransactionManagementConfiguration] is not eligible for getting processed by all BeanPostProcessors (for example: not eligible for auto-proxying)
2020-01-04 23:59:22.874 [restartedMain] INFO  o.s.b.w.e.tomcat.TomcatWebServer - Tomcat initialized with port(s): 8989 (http)
2020-01-04 23:59:22.879 [restartedMain] INFO  o.a.coyote.http11.Http11NioProtocol - Initializing ProtocolHandler ["http-nio-8989"]
2020-01-04 23:59:22.879 [restartedMain] INFO  o.a.catalina.core.StandardService - Starting service [Tomcat]
2020-01-04 23:59:22.879 [restartedMain] INFO  o.a.catalina.core.StandardEngine - Starting Servlet engine: [Apache Tomcat/9.0.29]
2020-01-04 23:59:22.956 [restartedMain] INFO  o.a.c.c.C.[Tomcat].[localhost].[/] - Initializing Spring embedded WebApplicationContext
2020-01-04 23:59:22.957 [restartedMain] INFO  o.s.web.context.ContextLoader - Root WebApplicationContext: initialization completed in 864 ms
2020-01-04 23:59:23.331 [restartedMain] INFO  o.s.s.c.ThreadPoolTaskExecutor - Initializing ExecutorService 'applicationTaskExecutor'
2020-01-04 23:59:23.345 [restartedMain] INFO  o.s.b.d.a.OptionalLiveReloadServer - LiveReload server is running on port 35729
2020-01-04 23:59:23.423 [restartedMain] INFO  s.d.s.w.p.DocumentationPluginsBootstrapper - Context refreshed
2020-01-04 23:59:23.431 [restartedMain] INFO  s.d.s.w.p.DocumentationPluginsBootstrapper - Found 1 custom documentation plugin(s)
2020-01-04 23:59:23.438 [restartedMain] INFO  s.d.s.w.s.ApiListingReferenceScanner - Scanning for api listing references
2020-01-04 23:59:23.522 [restartedMain] INFO  o.a.coyote.http11.Http11NioProtocol - Starting ProtocolHandler ["http-nio-8989"]
2020-01-04 23:59:23.535 [restartedMain] INFO  o.s.b.w.e.tomcat.TomcatWebServer - Tomcat started on port(s): 8989 (http) with context path ''
2020-01-04 23:59:23.537 [restartedMain] INFO  c.l.todoscore.TodoScoreApplication - Started TodoScoreApplication in 1.726 seconds (JVM running for 2.374)
