2020-02-13 12:36:19.200 [restartedMain] INFO  c.l.todoscore.TodoScoreApplication - Starting TodoScoreApplication on DESKTOP-OV0MBIP with PID 11212 (E:\lewic\code\git\todo-score\target\classes started by lewic in E:\lewic\code\git\todo-score)
2020-02-13 12:36:19.216 [restartedMain] DEBUG c.l.todoscore.TodoScoreApplication - Running with Spring Boot v2.2.2.RELEASE, Spring v5.2.2.RELEASE
2020-02-13 12:36:19.217 [restartedMain] INFO  c.l.todoscore.TodoScoreApplication - The following profiles are active: dev
2020-02-13 12:36:19.405 [restartedMain] INFO  o.s.b.d.restart.ChangeableUrls - The Class-Path manifest attribute in C:\Users\lewic\.m2\repository\org\glassfish\jaxb\jaxb-runtime\2.3.2\jaxb-runtime-2.3.2.jar referenced one or more files that do not exist: file:/C:/Users/lewic/.m2/repository/org/glassfish/jaxb/jaxb-runtime/2.3.2/jakarta.xml.bind-api-2.3.2.jar,file:/C:/Users/lewic/.m2/repository/org/glassfish/jaxb/jaxb-runtime/2.3.2/txw2-2.3.2.jar,file:/C:/Users/lewic/.m2/repository/org/glassfish/jaxb/jaxb-runtime/2.3.2/istack-commons-runtime-3.0.8.jar,file:/C:/Users/lewic/.m2/repository/org/glassfish/jaxb/jaxb-runtime/2.3.2/stax-ex-1.8.1.jar,file:/C:/Users/lewic/.m2/repository/org/glassfish/jaxb/jaxb-runtime/2.3.2/FastInfoset-1.2.16.jar,file:/C:/Users/lewic/.m2/repository/org/glassfish/jaxb/jaxb-runtime/2.3.2/jakarta.activation-api-1.2.1.jar
2020-02-13 12:36:19.409 [restartedMain] INFO  o.s.b.d.e.DevToolsPropertyDefaultsPostProcessor - Devtools property defaults active! Set 'spring.devtools.add-properties' to 'false' to disable
2020-02-13 12:36:19.409 [restartedMain] INFO  o.s.b.d.e.DevToolsPropertyDefaultsPostProcessor - For additional web related logging consider setting the 'logging.level.web' property to 'DEBUG'
2020-02-13 12:36:21.322 [restartedMain] INFO  o.s.d.r.c.RepositoryConfigurationDelegate - Bootstrapping Spring Data JPA repositories in DEFAULT mode.
2020-02-13 12:36:21.445 [restartedMain] INFO  o.s.d.r.c.RepositoryConfigurationDelegate - Finished Spring Data repository scanning in 108ms. Found 4 JPA repository interfaces.
2020-02-13 12:36:21.886 [restartedMain] WARN  o.m.s.mapper.ClassPathMapperScanner - Skipping MapperFactoryBean with name 'cycleTypeDao' and 'com.lewic.todoscore.dao.jpa.primary.CycleTypeDao' mapperInterface. Bean already defined with the same name!
2020-02-13 12:36:21.887 [restartedMain] WARN  o.m.s.mapper.ClassPathMapperScanner - Skipping MapperFactoryBean with name 'taskDao' and 'com.lewic.todoscore.dao.jpa.primary.TaskDao' mapperInterface. Bean already defined with the same name!
2020-02-13 12:36:21.887 [restartedMain] WARN  o.m.s.mapper.ClassPathMapperScanner - Skipping MapperFactoryBean with name 'taskRecordDao' and 'com.lewic.todoscore.dao.jpa.primary.TaskRecordDao' mapperInterface. Bean already defined with the same name!
2020-02-13 12:36:21.887 [restartedMain] WARN  o.m.s.mapper.ClassPathMapperScanner - Skipping MapperFactoryBean with name 'workdayDao' and 'com.lewic.todoscore.dao.jpa.primary.WorkdayDao' mapperInterface. Bean already defined with the same name!
2020-02-13 12:36:21.887 [restartedMain] WARN  o.m.s.mapper.ClassPathMapperScanner - Skipping MapperFactoryBean with name 'taskRecordMapper' and 'com.lewic.todoscore.dao.mybatis.master.TaskRecordMapper' mapperInterface. Bean already defined with the same name!
2020-02-13 12:36:21.887 [restartedMain] WARN  o.m.s.mapper.ClassPathMapperScanner - Skipping MapperFactoryBean with name 'userMapper' and 'com.lewic.todoscore.dao.mybatis.master.UserMapper' mapperInterface. Bean already defined with the same name!
2020-02-13 12:36:21.887 [restartedMain] WARN  o.m.s.mapper.ClassPathMapperScanner - No MyBatis mapper was found in '[com.lewic.todoscore.dao]' package. Please check your configuration.
2020-02-13 12:36:22.421 [restartedMain] INFO  o.s.c.s.PostProcessorRegistrationDelegate$BeanPostProcessorChecker - Bean 'org.springframework.transaction.annotation.ProxyTransactionManagementConfiguration' of type [org.springframework.transaction.annotation.ProxyTransactionManagementConfiguration] is not eligible for getting processed by all BeanPostProcessors (for example: not eligible for auto-proxying)
2020-02-13 12:36:23.090 [restartedMain] INFO  o.s.b.w.e.tomcat.TomcatWebServer - Tomcat initialized with port(s): 8989 (http)
2020-02-13 12:36:23.102 [restartedMain] INFO  o.a.coyote.http11.Http11NioProtocol - Initializing ProtocolHandler ["http-nio-8989"]
2020-02-13 12:36:23.102 [restartedMain] INFO  o.a.catalina.core.StandardService - Starting service [Tomcat]
2020-02-13 12:36:23.103 [restartedMain] INFO  o.a.catalina.core.StandardEngine - Starting Servlet engine: [Apache Tomcat/9.0.29]
2020-02-13 12:36:23.369 [restartedMain] INFO  o.a.c.c.C.[Tomcat].[localhost].[/] - Initializing Spring embedded WebApplicationContext
2020-02-13 12:36:23.369 [restartedMain] INFO  o.s.web.context.ContextLoader - Root WebApplicationContext: initialization completed in 3960 ms
2020-02-13 12:36:23.622 [restartedMain] INFO  o.h.jpa.internal.util.LogHelper - HHH000204: Processing PersistenceUnitInfo [name: primaryPersistenceUnit]
2020-02-13 12:36:23.748 [restartedMain] INFO  org.hibernate.Version - HHH000412: Hibernate Core {5.4.9.Final}
2020-02-13 12:36:24.035 [restartedMain] INFO  o.h.annotations.common.Version - HCANN000001: Hibernate Commons Annotations {5.1.0.Final}
2020-02-13 12:36:24.210 [restartedMain] INFO  com.zaxxer.hikari.HikariDataSource - HikariPool-1 - Starting...
2020-02-13 12:36:24.911 [restartedMain] INFO  com.zaxxer.hikari.HikariDataSource - HikariPool-1 - Start completed.
2020-02-13 12:36:24.943 [restartedMain] INFO  org.hibernate.dialect.Dialect - HHH000400: Using dialect: org.hibernate.dialect.MySQL5InnoDBDialect
2020-02-13 12:36:26.505 [restartedMain] INFO  o.h.e.t.j.p.i.JtaPlatformInitiator - HHH000490: Using JtaPlatform implementation: [org.hibernate.engine.transaction.jta.platform.internal.NoJtaPlatform]
2020-02-13 12:36:26.515 [restartedMain] INFO  o.s.o.j.LocalContainerEntityManagerFactoryBean - Initialized JPA EntityManagerFactory for persistence unit 'primaryPersistenceUnit'
2020-02-13 12:36:26.539 [restartedMain] INFO  o.s.b.d.a.OptionalLiveReloadServer - LiveReload server is running on port 35729
2020-02-13 12:36:27.873 [restartedMain] WARN  o.s.b.a.o.j.JpaBaseConfiguration$JpaWebConfiguration - spring.jpa.open-in-view is enabled by default. Therefore, database queries may be performed during view rendering. Explicitly configure spring.jpa.open-in-view to disable this warning
2020-02-13 12:36:28.245 [restartedMain] INFO  o.s.s.c.ThreadPoolTaskExecutor - Initializing ExecutorService 'applicationTaskExecutor'
2020-02-13 12:36:28.349 [restartedMain] INFO  o.s.b.a.w.s.WelcomePageHandlerMapping - Adding welcome page: class path resource [static/index.html]
2020-02-13 12:36:28.503 [restartedMain] INFO  o.s.s.c.ThreadPoolTaskScheduler - Initializing ExecutorService 'taskScheduler'
2020-02-13 12:36:28.751 [restartedMain] INFO  s.d.s.w.p.DocumentationPluginsBootstrapper - Context refreshed
2020-02-13 12:36:28.774 [restartedMain] INFO  s.d.s.w.p.DocumentationPluginsBootstrapper - Found 1 custom documentation plugin(s)
2020-02-13 12:36:28.789 [restartedMain] INFO  s.d.s.w.s.ApiListingReferenceScanner - Scanning for api listing references
2020-02-13 12:36:29.130 [restartedMain] INFO  o.a.coyote.http11.Http11NioProtocol - Starting ProtocolHandler ["http-nio-8989"]
2020-02-13 12:36:29.163 [restartedMain] INFO  o.s.b.w.e.tomcat.TomcatWebServer - Tomcat started on port(s): 8989 (http) with context path ''
2020-02-13 12:36:29.166 [restartedMain] INFO  c.l.todoscore.TodoScoreApplication - Started TodoScoreApplication in 10.896 seconds (JVM running for 18.685)
2020-02-13 12:37:23.431 [http-nio-8989-exec-2] INFO  o.a.c.c.C.[Tomcat].[localhost].[/] - Initializing Spring DispatcherServlet 'dispatcherServlet'
2020-02-13 12:37:23.431 [http-nio-8989-exec-2] INFO  o.s.web.servlet.DispatcherServlet - Initializing Servlet 'dispatcherServlet'
2020-02-13 12:37:23.444 [http-nio-8989-exec-2] INFO  o.s.web.servlet.DispatcherServlet - Completed initialization in 13 ms
2020-02-13 12:38:09.129 [scheduling-1] INFO  c.l.t.s.ImportRecordScheduler - exec test1=====>>>>>
2020-02-13 12:39:49.129 [scheduling-1] INFO  c.l.t.s.ImportRecordScheduler - exec test1=====>>>>>
2020-02-13 12:41:29.129 [scheduling-1] INFO  c.l.t.s.ImportRecordScheduler - exec test1=====>>>>>
2020-02-13 12:43:09.129 [scheduling-1] INFO  c.l.t.s.ImportRecordScheduler - exec test1=====>>>>>
2020-02-13 12:44:49.129 [scheduling-1] INFO  c.l.t.s.ImportRecordScheduler - exec test1=====>>>>>
2020-02-13 12:46:29.130 [scheduling-1] INFO  c.l.t.s.ImportRecordScheduler - exec test1=====>>>>>
2020-02-13 12:48:09.129 [scheduling-1] INFO  c.l.t.s.ImportRecordScheduler - exec test1=====>>>>>
2020-02-13 12:49:49.130 [scheduling-1] INFO  c.l.t.s.ImportRecordScheduler - exec test1=====>>>>>
2020-02-13 12:51:29.129 [scheduling-1] INFO  c.l.t.s.ImportRecordScheduler - exec test1=====>>>>>
2020-02-13 12:53:09.129 [scheduling-1] INFO  c.l.t.s.ImportRecordScheduler - exec test1=====>>>>>
2020-02-13 12:54:49.129 [scheduling-1] INFO  c.l.t.s.ImportRecordScheduler - exec test1=====>>>>>
2020-02-13 12:56:29.130 [scheduling-1] INFO  c.l.t.s.ImportRecordScheduler - exec test1=====>>>>>
2020-02-13 12:58:09.129 [scheduling-1] INFO  c.l.t.s.ImportRecordScheduler - exec test1=====>>>>>
2020-02-13 12:59:49.128 [scheduling-1] INFO  c.l.t.s.ImportRecordScheduler - exec test1=====>>>>>
2020-02-13 13:01:29.130 [scheduling-1] INFO  c.l.t.s.ImportRecordScheduler - exec test1=====>>>>>
2020-02-13 13:03:09.146 [scheduling-1] INFO  c.l.t.s.ImportRecordScheduler - exec test1=====>>>>>
2020-02-13 13:04:49.130 [scheduling-1] INFO  c.l.t.s.ImportRecordScheduler - exec test1=====>>>>>
2020-02-13 13:06:04.275 [http-nio-8989-exec-5] WARN  com.zaxxer.hikari.pool.PoolBase - HikariPool-1 - Failed to validate connection com.mysql.cj.jdbc.ConnectionImpl@18b2877 (No operations allowed after connection closed.). Possibly consider using a shorter maxLifetime value.
2020-02-13 13:06:09.280 [http-nio-8989-exec-5] WARN  com.zaxxer.hikari.pool.PoolBase - HikariPool-1 - Failed to validate connection com.mysql.cj.jdbc.ConnectionImpl@3e6fb8 (No operations allowed after connection closed.). Possibly consider using a shorter maxLifetime value.
2020-02-13 13:06:14.284 [http-nio-8989-exec-5] WARN  com.zaxxer.hikari.pool.PoolBase - HikariPool-1 - Failed to validate connection com.mysql.cj.jdbc.ConnectionImpl@107f97f (No operations allowed after connection closed.). Possibly consider using a shorter maxLifetime value.
2020-02-13 13:06:29.129 [scheduling-1] INFO  c.l.t.s.ImportRecordScheduler - exec test1=====>>>>>
2020-02-13 13:08:09.129 [scheduling-1] INFO  c.l.t.s.ImportRecordScheduler - exec test1=====>>>>>
2020-02-13 13:09:49.129 [scheduling-1] INFO  c.l.t.s.ImportRecordScheduler - exec test1=====>>>>>
2020-02-13 13:11:29.130 [scheduling-1] INFO  c.l.t.s.ImportRecordScheduler - exec test1=====>>>>>
2020-02-13 13:13:09.128 [scheduling-1] INFO  c.l.t.s.ImportRecordScheduler - exec test1=====>>>>>
2020-02-13 13:14:49.129 [scheduling-1] INFO  c.l.t.s.ImportRecordScheduler - exec test1=====>>>>>
2020-02-13 13:16:29.128 [scheduling-1] INFO  c.l.t.s.ImportRecordScheduler - exec test1=====>>>>>
2020-02-13 13:18:09.130 [scheduling-1] INFO  c.l.t.s.ImportRecordScheduler - exec test1=====>>>>>
2020-02-13 13:19:49.129 [scheduling-1] INFO  c.l.t.s.ImportRecordScheduler - exec test1=====>>>>>
2020-02-13 13:21:29.130 [scheduling-1] INFO  c.l.t.s.ImportRecordScheduler - exec test1=====>>>>>
2020-02-13 13:23:09.129 [scheduling-1] INFO  c.l.t.s.ImportRecordScheduler - exec test1=====>>>>>
2020-02-13 13:24:49.129 [scheduling-1] INFO  c.l.t.s.ImportRecordScheduler - exec test1=====>>>>>
2020-02-13 13:26:29.130 [scheduling-1] INFO  c.l.t.s.ImportRecordScheduler - exec test1=====>>>>>
2020-02-13 13:28:09.129 [scheduling-1] INFO  c.l.t.s.ImportRecordScheduler - exec test1=====>>>>>
2020-02-13 13:29:49.130 [scheduling-1] INFO  c.l.t.s.ImportRecordScheduler - exec test1=====>>>>>
2020-02-13 13:31:29.129 [scheduling-1] INFO  c.l.t.s.ImportRecordScheduler - exec test1=====>>>>>
2020-02-13 13:31:59.243 [http-nio-8989-exec-8] WARN  com.zaxxer.hikari.pool.PoolBase - HikariPool-1 - Failed to validate connection com.mysql.cj.jdbc.ConnectionImpl@569769 (No operations allowed after connection closed.). Possibly consider using a shorter maxLifetime value.
2020-02-13 13:32:04.247 [http-nio-8989-exec-8] WARN  com.zaxxer.hikari.pool.PoolBase - HikariPool-1 - Failed to validate connection com.mysql.cj.jdbc.ConnectionImpl@1eb2dc1 (No operations allowed after connection closed.). Possibly consider using a shorter maxLifetime value.
2020-02-13 13:32:09.253 [http-nio-8989-exec-8] WARN  com.zaxxer.hikari.pool.PoolBase - HikariPool-1 - Failed to validate connection com.mysql.cj.jdbc.ConnectionImpl@4991db (No operations allowed after connection closed.). Possibly consider using a shorter maxLifetime value.
2020-02-13 13:32:14.260 [http-nio-8989-exec-8] WARN  com.zaxxer.hikari.pool.PoolBase - HikariPool-1 - Failed to validate connection com.mysql.cj.jdbc.ConnectionImpl@63f455 (No operations allowed after connection closed.). Possibly consider using a shorter maxLifetime value.
2020-02-13 13:32:19.267 [http-nio-8989-exec-8] WARN  com.zaxxer.hikari.pool.PoolBase - HikariPool-1 - Failed to validate connection com.mysql.cj.jdbc.ConnectionImpl@65d4bd (No operations allowed after connection closed.). Possibly consider using a shorter maxLifetime value.
2020-02-13 13:32:24.274 [http-nio-8989-exec-8] WARN  com.zaxxer.hikari.pool.PoolBase - HikariPool-1 - Failed to validate connection com.mysql.cj.jdbc.ConnectionImpl@15f44d9 (No operations allowed after connection closed.). Possibly consider using a shorter maxLifetime value.
2020-02-13 13:32:24.281 [http-nio-8989-exec-8] WARN  o.h.e.jdbc.spi.SqlExceptionHelper - SQL Error: 0, SQLState: 08003
2020-02-13 13:32:24.283 [http-nio-8989-exec-8] ERROR o.h.e.jdbc.spi.SqlExceptionHelper - HikariPool-1 - Connection is not available, request timed out after 30045ms.
2020-02-13 13:32:24.283 [http-nio-8989-exec-8] ERROR o.h.e.jdbc.spi.SqlExceptionHelper - No operations allowed after connection closed.
2020-02-13 13:32:24.383 [http-nio-8989-exec-8] ERROR o.a.c.c.C.[.[.[.[dispatcherServlet] - Servlet.service() for servlet [dispatcherServlet] in context with path [] threw exception [Request processing failed; nested exception is org.springframework.dao.DataAccessResourceFailureException: Unable to acquire JDBC Connection; nested exception is org.hibernate.exception.JDBCConnectionException: Unable to acquire JDBC Connection] with root cause
com.mysql.cj.exceptions.ConnectionIsClosedException: No operations allowed after connection closed.
	at sun.reflect.NativeConstructorAccessorImpl.newInstance0(Native Method)
	at sun.reflect.NativeConstructorAccessorImpl.newInstance(NativeConstructorAccessorImpl.java:62)
	at sun.reflect.DelegatingConstructorAccessorImpl.newInstance(DelegatingConstructorAccessorImpl.java:45)
	at java.lang.reflect.Constructor.newInstance(Constructor.java:422)
	at com.mysql.cj.exceptions.ExceptionFactory.createException(ExceptionFactory.java:61)
	at com.mysql.cj.exceptions.ExceptionFactory.createException(ExceptionFactory.java:105)
	at com.mysql.cj.exceptions.ExceptionFactory.createException(ExceptionFactory.java:151)
	at com.mysql.cj.NativeSession.checkClosed(NativeSession.java:1171)
	at com.mysql.cj.jdbc.ConnectionImpl.checkClosed(ConnectionImpl.java:576)
	at com.mysql.cj.jdbc.ConnectionImpl.setNetworkTimeout(ConnectionImpl.java:2486)
	at com.zaxxer.hikari.pool.PoolBase.setNetworkTimeout(PoolBase.java:552)
	at com.zaxxer.hikari.pool.PoolBase.isConnectionAlive(PoolBase.java:168)
	at com.zaxxer.hikari.pool.HikariPool.getConnection(HikariPool.java:185)
	at com.zaxxer.hikari.pool.HikariPool.getConnection(HikariPool.java:161)
	at com.zaxxer.hikari.HikariDataSource.getConnection(HikariDataSource.java:128)
	at org.hibernate.engine.jdbc.connections.internal.DatasourceConnectionProviderImpl.getConnection(DatasourceConnectionProviderImpl.java:122)
	at org.hibernate.internal.NonContextualJdbcConnectionAccess.obtainConnection(NonContextualJdbcConnectionAccess.java:38)
	at org.hibernate.resource.jdbc.internal.LogicalConnectionManagedImpl.acquireConnectionIfNeeded(LogicalConnectionManagedImpl.java:104)
	at org.hibernate.resource.jdbc.internal.LogicalConnectionManagedImpl.getPhysicalConnection(LogicalConnectionManagedImpl.java:134)
	at org.hibernate.engine.jdbc.internal.StatementPreparerImpl.connection(StatementPreparerImpl.java:50)
	at org.hibernate.engine.jdbc.internal.StatementPreparerImpl$5.doPrepare(StatementPreparerImpl.java:149)
	at org.hibernate.engine.jdbc.internal.StatementPreparerImpl$StatementPreparationTemplate.prepareStatement(StatementPreparerImpl.java:176)
	at org.hibernate.engine.jdbc.internal.StatementPreparerImpl.prepareQueryStatement(StatementPreparerImpl.java:151)
	at org.hibernate.loader.Loader.prepareQueryStatement(Loader.java:2104)
	at org.hibernate.loader.Loader.executeQueryStatement(Loader.java:2034)
	at org.hibernate.loader.Loader.executeQueryStatement(Loader.java:2012)
	at org.hibernate.loader.Loader.doQuery(Loader.java:953)
	at org.hibernate.loader.Loader.doQueryAndInitializeNonLazyCollections(Loader.java:354)
	at org.hibernate.loader.Loader.doList(Loader.java:2815)
	at org.hibernate.loader.Loader.doList(Loader.java:2797)
	at org.hibernate.loader.Loader.listIgnoreQueryCache(Loader.java:2629)
	at org.hibernate.loader.Loader.list(Loader.java:2624)
	at org.hibernate.loader.hql.QueryLoader.list(QueryLoader.java:506)
	at org.hibernate.hql.internal.ast.QueryTranslatorImpl.list(QueryTranslatorImpl.java:396)
	at org.hibernate.engine.query.spi.HQLQueryPlan.performList(HQLQueryPlan.java:219)
	at org.hibernate.internal.SessionImpl.list(SessionImpl.java:1396)
	at org.hibernate.query.internal.AbstractProducedQuery.doList(AbstractProducedQuery.java:1558)
	at org.hibernate.query.internal.AbstractProducedQuery.list(AbstractProducedQuery.java:1526)
	at org.hibernate.query.Query.getResultList(Query.java:165)
	at org.hibernate.query.criteria.internal.compile.CriteriaQueryTypeQueryAdapter.getResultList(CriteriaQueryTypeQueryAdapter.java:76)
	at org.springframework.data.jpa.repository.query.JpaQueryExecution$CollectionExecution.doExecute(JpaQueryExecution.java:126)
	at org.springframework.data.jpa.repository.query.JpaQueryExecution.execute(JpaQueryExecution.java:88)
	at org.springframework.data.jpa.repository.query.AbstractJpaQuery.doExecute(AbstractJpaQuery.java:154)
	at org.springframework.data.jpa.repository.query.AbstractJpaQuery.execute(AbstractJpaQuery.java:142)
	at org.springframework.data.repository.core.support.RepositoryFactorySupport$QueryExecutorMethodInterceptor.doInvoke(RepositoryFactorySupport.java:618)
	at org.springframework.data.repository.core.support.RepositoryFactorySupport$QueryExecutorMethodInterceptor.invoke(RepositoryFactorySupport.java:605)
	at org.springframework.aop.framework.ReflectiveMethodInvocation.proceed(ReflectiveMethodInvocation.java:186)
	at org.springframework.data.projection.DefaultMethodInvokingMethodInterceptor.invoke(DefaultMethodInvokingMethodInterceptor.java:80)
	at org.springframework.aop.framework.ReflectiveMethodInvocation.proceed(ReflectiveMethodInvocation.java:186)
	at org.springframework.transaction.interceptor.TransactionAspectSupport.invokeWithinTransaction(TransactionAspectSupport.java:366)
	at org.springframework.transaction.interceptor.TransactionInterceptor.invoke(TransactionInterceptor.java:99)
	at org.springframework.aop.framework.ReflectiveMethodInvocation.proceed(ReflectiveMethodInvocation.java:186)
	at org.springframework.dao.support.PersistenceExceptionTranslationInterceptor.invoke(PersistenceExceptionTranslationInterceptor.java:139)
	at org.springframework.aop.framework.ReflectiveMethodInvocation.proceed(ReflectiveMethodInvocation.java:186)
	at org.springframework.data.jpa.repository.support.CrudMethodMetadataPostProcessor$CrudMethodMetadataPopulatingMethodInterceptor.invoke(CrudMethodMetadataPostProcessor.java:149)
	at org.springframework.aop.framework.ReflectiveMethodInvocation.proceed(ReflectiveMethodInvocation.java:186)
	at org.springframework.aop.interceptor.ExposeInvocationInterceptor.invoke(ExposeInvocationInterceptor.java:93)
	at org.springframework.aop.framework.ReflectiveMethodInvocation.proceed(ReflectiveMethodInvocation.java:186)
	at org.springframework.aop.framework.JdkDynamicAopProxy.invoke(JdkDynamicAopProxy.java:212)
	at com.sun.proxy.$Proxy135.findByDeletedFalseOrderByIdDesc(Unknown Source)
	at com.lewic.todoscore.service.impl.TaskServiceImpl.listAllNormal(TaskServiceImpl.java:35)
	at com.lewic.todoscore.rest.TaskController.list(TaskController.java:39)
	at sun.reflect.NativeMethodAccessorImpl.invoke0(Native Method)
	at sun.reflect.NativeMethodAccessorImpl.invoke(NativeMethodAccessorImpl.java:62)
	at sun.reflect.DelegatingMethodAccessorImpl.invoke(DelegatingMethodAccessorImpl.java:43)
	at java.lang.reflect.Method.invoke(Method.java:497)
	at org.springframework.web.method.support.InvocableHandlerMethod.doInvoke(InvocableHandlerMethod.java:190)
	at org.springframework.web.method.support.InvocableHandlerMethod.invokeForRequest(InvocableHandlerMethod.java:138)
	at org.springframework.web.servlet.mvc.method.annotation.ServletInvocableHandlerMethod.invokeAndHandle(ServletInvocableHandlerMethod.java:106)
	at org.springframework.web.servlet.mvc.method.annotation.RequestMappingHandlerAdapter.invokeHandlerMethod(RequestMappingHandlerAdapter.java:888)
	at org.springframework.web.servlet.mvc.method.annotation.RequestMappingHandlerAdapter.handleInternal(RequestMappingHandlerAdapter.java:793)
	at org.springframework.web.servlet.mvc.method.AbstractHandlerMethodAdapter.handle(AbstractHandlerMethodAdapter.java:87)
	at org.springframework.web.servlet.DispatcherServlet.doDispatch(DispatcherServlet.java:1040)
	at org.springframework.web.servlet.DispatcherServlet.doService(DispatcherServlet.java:943)
	at org.springframework.web.servlet.FrameworkServlet.processRequest(FrameworkServlet.java:1006)
	at org.springframework.web.servlet.FrameworkServlet.doGet(FrameworkServlet.java:898)
	at javax.servlet.http.HttpServlet.service(HttpServlet.java:634)
	at org.springframework.web.servlet.FrameworkServlet.service(FrameworkServlet.java:883)
	at javax.servlet.http.HttpServlet.service(HttpServlet.java:741)
	at org.apache.catalina.core.ApplicationFilterChain.internalDoFilter(ApplicationFilterChain.java:231)
	at org.apache.catalina.core.ApplicationFilterChain.doFilter(ApplicationFilterChain.java:166)
	at org.apache.tomcat.websocket.server.WsFilter.doFilter(WsFilter.java:53)
	at org.apache.catalina.core.ApplicationFilterChain.internalDoFilter(ApplicationFilterChain.java:193)
	at org.apache.catalina.core.ApplicationFilterChain.doFilter(ApplicationFilterChain.java:166)
	at org.springframework.web.filter.RequestContextFilter.doFilterInternal(RequestContextFilter.java:100)
	at org.springframework.web.filter.OncePerRequestFilter.doFilter(OncePerRequestFilter.java:119)
	at org.apache.catalina.core.ApplicationFilterChain.internalDoFilter(ApplicationFilterChain.java:193)
	at org.apache.catalina.core.ApplicationFilterChain.doFilter(ApplicationFilterChain.java:166)
	at org.springframework.web.filter.FormContentFilter.doFilterInternal(FormContentFilter.java:93)
	at org.springframework.web.filter.OncePerRequestFilter.doFilter(OncePerRequestFilter.java:119)
	at org.apache.catalina.core.ApplicationFilterChain.internalDoFilter(ApplicationFilterChain.java:193)
	at org.apache.catalina.core.ApplicationFilterChain.doFilter(ApplicationFilterChain.java:166)
	at org.springframework.web.filter.CharacterEncodingFilter.doFilterInternal(CharacterEncodingFilter.java:201)
	at org.springframework.web.filter.OncePerRequestFilter.doFilter(OncePerRequestFilter.java:119)
	at org.apache.catalina.core.ApplicationFilterChain.internalDoFilter(ApplicationFilterChain.java:193)
	at org.apache.catalina.core.ApplicationFilterChain.doFilter(ApplicationFilterChain.java:166)
	at org.apache.catalina.core.StandardWrapperValve.invoke(StandardWrapperValve.java:202)
	at org.apache.catalina.core.StandardContextValve.invoke(StandardContextValve.java:96)
	at org.apache.catalina.authenticator.AuthenticatorBase.invoke(AuthenticatorBase.java:526)
	at org.apache.catalina.core.StandardHostValve.invoke(StandardHostValve.java:139)
	at org.apache.catalina.valves.ErrorReportValve.invoke(ErrorReportValve.java:92)
	at org.apache.catalina.core.StandardEngineValve.invoke(StandardEngineValve.java:74)
	at org.apache.catalina.connector.CoyoteAdapter.service(CoyoteAdapter.java:343)
	at org.apache.coyote.http11.Http11Processor.service(Http11Processor.java:367)
	at org.apache.coyote.AbstractProcessorLight.process(AbstractProcessorLight.java:65)
	at org.apache.coyote.AbstractProtocol$ConnectionHandler.process(AbstractProtocol.java:860)
	at org.apache.tomcat.util.net.NioEndpoint$SocketProcessor.doRun(NioEndpoint.java:1591)
	at org.apache.tomcat.util.net.SocketProcessorBase.run(SocketProcessorBase.java:49)
	at java.util.concurrent.ThreadPoolExecutor.runWorker(ThreadPoolExecutor.java:1142)
	at java.util.concurrent.ThreadPoolExecutor$Worker.run(ThreadPoolExecutor.java:617)
	at org.apache.tomcat.util.threads.TaskThread$WrappingRunnable.run(TaskThread.java:61)
	at java.lang.Thread.run(Thread.java:745)
2020-02-13 13:33:09.130 [scheduling-1] INFO  c.l.t.s.ImportRecordScheduler - exec test1=====>>>>>
2020-02-13 13:34:49.129 [scheduling-1] INFO  c.l.t.s.ImportRecordScheduler - exec test1=====>>>>>
2020-02-13 13:36:29.128 [scheduling-1] INFO  c.l.t.s.ImportRecordScheduler - exec test1=====>>>>>
2020-02-13 13:38:09.130 [scheduling-1] INFO  c.l.t.s.ImportRecordScheduler - exec test1=====>>>>>
2020-02-13 13:39:49.128 [scheduling-1] INFO  c.l.t.s.ImportRecordScheduler - exec test1=====>>>>>
2020-02-13 13:41:29.130 [scheduling-1] INFO  c.l.t.s.ImportRecordScheduler - exec test1=====>>>>>
2020-02-13 13:43:09.129 [scheduling-1] INFO  c.l.t.s.ImportRecordScheduler - exec test1=====>>>>>
2020-02-13 13:44:49.130 [scheduling-1] INFO  c.l.t.s.ImportRecordScheduler - exec test1=====>>>>>
2020-02-13 13:46:29.129 [scheduling-1] INFO  c.l.t.s.ImportRecordScheduler - exec test1=====>>>>>
2020-02-13 13:48:09.130 [scheduling-1] INFO  c.l.t.s.ImportRecordScheduler - exec test1=====>>>>>
2020-02-13 13:49:49.129 [scheduling-1] INFO  c.l.t.s.ImportRecordScheduler - exec test1=====>>>>>
2020-02-13 13:51:29.129 [scheduling-1] INFO  c.l.t.s.ImportRecordScheduler - exec test1=====>>>>>
2020-02-13 13:53:09.130 [scheduling-1] INFO  c.l.t.s.ImportRecordScheduler - exec test1=====>>>>>
2020-02-13 13:54:49.128 [scheduling-1] INFO  c.l.t.s.ImportRecordScheduler - exec test1=====>>>>>
2020-02-13 13:56:29.130 [scheduling-1] INFO  c.l.t.s.ImportRecordScheduler - exec test1=====>>>>>
2020-02-13 13:56:51.298 [http-nio-8989-exec-7] WARN  com.zaxxer.hikari.pool.PoolBase - HikariPool-1 - Failed to validate connection com.mysql.cj.jdbc.ConnectionImpl@6e6a70 (No operations allowed after connection closed.). Possibly consider using a shorter maxLifetime value.
2020-02-13 13:56:56.304 [http-nio-8989-exec-7] WARN  com.zaxxer.hikari.pool.PoolBase - HikariPool-1 - Failed to validate connection com.mysql.cj.jdbc.ConnectionImpl@1a10ded (No operations allowed after connection closed.). Possibly consider using a shorter maxLifetime value.
2020-02-13 13:57:01.311 [http-nio-8989-exec-7] WARN  com.zaxxer.hikari.pool.PoolBase - HikariPool-1 - Failed to validate connection com.mysql.cj.jdbc.ConnectionImpl@684310 (No operations allowed after connection closed.). Possibly consider using a shorter maxLifetime value.
2020-02-13 13:57:06.315 [http-nio-8989-exec-7] WARN  com.zaxxer.hikari.pool.PoolBase - HikariPool-1 - Failed to validate connection com.mysql.cj.jdbc.ConnectionImpl@d1f4a3 (No operations allowed after connection closed.). Possibly consider using a shorter maxLifetime value.
2020-02-13 13:57:11.323 [http-nio-8989-exec-7] WARN  com.zaxxer.hikari.pool.PoolBase - HikariPool-1 - Failed to validate connection com.mysql.cj.jdbc.ConnectionImpl@2e6dc5 (No operations allowed after connection closed.). Possibly consider using a shorter maxLifetime value.
2020-02-13 13:57:16.328 [http-nio-8989-exec-7] WARN  com.zaxxer.hikari.pool.PoolBase - HikariPool-1 - Failed to validate connection com.mysql.cj.jdbc.ConnectionImpl@24c6d3 (No operations allowed after connection closed.). Possibly consider using a shorter maxLifetime value.
2020-02-13 13:57:16.330 [http-nio-8989-exec-7] WARN  o.h.e.jdbc.spi.SqlExceptionHelper - SQL Error: 0, SQLState: 08003
2020-02-13 13:57:16.330 [http-nio-8989-exec-7] ERROR o.h.e.jdbc.spi.SqlExceptionHelper - HikariPool-1 - Connection is not available, request timed out after 30033ms.
2020-02-13 13:57:16.330 [http-nio-8989-exec-7] ERROR o.h.e.jdbc.spi.SqlExceptionHelper - No operations allowed after connection closed.
2020-02-13 13:57:16.349 [http-nio-8989-exec-7] ERROR o.a.c.c.C.[.[.[.[dispatcherServlet] - Servlet.service() for servlet [dispatcherServlet] in context with path [] threw exception [Request processing failed; nested exception is org.springframework.transaction.CannotCreateTransactionException: Could not open JPA EntityManager for transaction; nested exception is org.hibernate.exception.JDBCConnectionException: Unable to acquire JDBC Connection] with root cause
com.mysql.cj.exceptions.ConnectionIsClosedException: No operations allowed after connection closed.
	at sun.reflect.NativeConstructorAccessorImpl.newInstance0(Native Method)
	at sun.reflect.NativeConstructorAccessorImpl.newInstance(NativeConstructorAccessorImpl.java:62)
	at sun.reflect.DelegatingConstructorAccessorImpl.newInstance(DelegatingConstructorAccessorImpl.java:45)
	at java.lang.reflect.Constructor.newInstance(Constructor.java:422)
	at com.mysql.cj.exceptions.ExceptionFactory.createException(ExceptionFactory.java:61)
	at com.mysql.cj.exceptions.ExceptionFactory.createException(ExceptionFactory.java:105)
	at com.mysql.cj.exceptions.ExceptionFactory.createException(ExceptionFactory.java:151)
	at com.mysql.cj.NativeSession.checkClosed(NativeSession.java:1171)
	at com.mysql.cj.jdbc.ConnectionImpl.checkClosed(ConnectionImpl.java:576)
	at com.mysql.cj.jdbc.ConnectionImpl.setNetworkTimeout(ConnectionImpl.java:2486)
	at com.zaxxer.hikari.pool.PoolBase.setNetworkTimeout(PoolBase.java:552)
	at com.zaxxer.hikari.pool.PoolBase.isConnectionAlive(PoolBase.java:168)
	at com.zaxxer.hikari.pool.HikariPool.getConnection(HikariPool.java:185)
	at com.zaxxer.hikari.pool.HikariPool.getConnection(HikariPool.java:161)
	at com.zaxxer.hikari.HikariDataSource.getConnection(HikariDataSource.java:128)
	at org.hibernate.engine.jdbc.connections.internal.DatasourceConnectionProviderImpl.getConnection(DatasourceConnectionProviderImpl.java:122)
	at org.hibernate.internal.NonContextualJdbcConnectionAccess.obtainConnection(NonContextualJdbcConnectionAccess.java:38)
	at org.hibernate.resource.jdbc.internal.LogicalConnectionManagedImpl.acquireConnectionIfNeeded(LogicalConnectionManagedImpl.java:104)
	at org.hibernate.resource.jdbc.internal.LogicalConnectionManagedImpl.getPhysicalConnection(LogicalConnectionManagedImpl.java:134)
	at org.hibernate.internal.SessionImpl.connection(SessionImpl.java:462)
	at sun.reflect.NativeMethodAccessorImpl.invoke0(Native Method)
	at sun.reflect.NativeMethodAccessorImpl.invoke(NativeMethodAccessorImpl.java:62)
	at sun.reflect.DelegatingMethodAccessorImpl.invoke(DelegatingMethodAccessorImpl.java:43)
	at java.lang.reflect.Method.invoke(Method.java:497)
	at org.springframework.util.ReflectionUtils.invokeMethod(ReflectionUtils.java:282)
	at org.springframework.util.ReflectionUtils.invokeMethod(ReflectionUtils.java:266)
	at org.springframework.orm.jpa.vendor.HibernateJpaDialect$HibernateConnectionHandle.doGetConnection(HibernateJpaDialect.java:430)
	at org.springframework.orm.jpa.vendor.HibernateJpaDialect.beginTransaction(HibernateJpaDialect.java:174)
	at org.springframework.orm.jpa.JpaTransactionManager.doBegin(JpaTransactionManager.java:402)
	at org.springframework.transaction.support.AbstractPlatformTransactionManager.getTransaction(AbstractPlatformTransactionManager.java:376)
	at org.springframework.transaction.interceptor.TransactionAspectSupport.createTransactionIfNecessary(TransactionAspectSupport.java:572)
	at org.springframework.transaction.interceptor.TransactionAspectSupport.invokeWithinTransaction(TransactionAspectSupport.java:360)
	at org.springframework.transaction.interceptor.TransactionInterceptor.invoke(TransactionInterceptor.java:99)
	at org.springframework.aop.framework.ReflectiveMethodInvocation.proceed(ReflectiveMethodInvocation.java:186)
	at org.springframework.dao.support.PersistenceExceptionTranslationInterceptor.invoke(PersistenceExceptionTranslationInterceptor.java:139)
	at org.springframework.aop.framework.ReflectiveMethodInvocation.proceed(ReflectiveMethodInvocation.java:186)
	at org.springframework.data.jpa.repository.support.CrudMethodMetadataPostProcessor$CrudMethodMetadataPopulatingMethodInterceptor.invoke(CrudMethodMetadataPostProcessor.java:178)
	at org.springframework.aop.framework.ReflectiveMethodInvocation.proceed(ReflectiveMethodInvocation.java:186)
	at org.springframework.aop.interceptor.ExposeInvocationInterceptor.invoke(ExposeInvocationInterceptor.java:93)
	at org.springframework.aop.framework.ReflectiveMethodInvocation.proceed(ReflectiveMethodInvocation.java:186)
	at org.springframework.aop.framework.JdkDynamicAopProxy.invoke(JdkDynamicAopProxy.java:212)
	at com.sun.proxy.$Proxy135.findById(Unknown Source)
	at com.lewic.todoscore.service.impl.TaskServiceImpl.updateOne(TaskServiceImpl.java:51)
	at com.lewic.todoscore.rest.TaskController.edit(TaskController.java:69)
	at sun.reflect.NativeMethodAccessorImpl.invoke0(Native Method)
	at sun.reflect.NativeMethodAccessorImpl.invoke(NativeMethodAccessorImpl.java:62)
	at sun.reflect.DelegatingMethodAccessorImpl.invoke(DelegatingMethodAccessorImpl.java:43)
	at java.lang.reflect.Method.invoke(Method.java:497)
	at org.springframework.web.method.support.InvocableHandlerMethod.doInvoke(InvocableHandlerMethod.java:190)
	at org.springframework.web.method.support.InvocableHandlerMethod.invokeForRequest(InvocableHandlerMethod.java:138)
	at org.springframework.web.servlet.mvc.method.annotation.ServletInvocableHandlerMethod.invokeAndHandle(ServletInvocableHandlerMethod.java:106)
	at org.springframework.web.servlet.mvc.method.annotation.RequestMappingHandlerAdapter.invokeHandlerMethod(RequestMappingHandlerAdapter.java:888)
	at org.springframework.web.servlet.mvc.method.annotation.RequestMappingHandlerAdapter.handleInternal(RequestMappingHandlerAdapter.java:793)
	at org.springframework.web.servlet.mvc.method.AbstractHandlerMethodAdapter.handle(AbstractHandlerMethodAdapter.java:87)
	at org.springframework.web.servlet.DispatcherServlet.doDispatch(DispatcherServlet.java:1040)
	at org.springframework.web.servlet.DispatcherServlet.doService(DispatcherServlet.java:943)
	at org.springframework.web.servlet.FrameworkServlet.processRequest(FrameworkServlet.java:1006)
	at org.springframework.web.servlet.FrameworkServlet.doPut(FrameworkServlet.java:920)
	at javax.servlet.http.HttpServlet.service(HttpServlet.java:663)
	at org.springframework.web.servlet.FrameworkServlet.service(FrameworkServlet.java:883)
	at javax.servlet.http.HttpServlet.service(HttpServlet.java:741)
	at org.apache.catalina.core.ApplicationFilterChain.internalDoFilter(ApplicationFilterChain.java:231)
	at org.apache.catalina.core.ApplicationFilterChain.doFilter(ApplicationFilterChain.java:166)
	at org.apache.tomcat.websocket.server.WsFilter.doFilter(WsFilter.java:53)
	at org.apache.catalina.core.ApplicationFilterChain.internalDoFilter(ApplicationFilterChain.java:193)
	at org.apache.catalina.core.ApplicationFilterChain.doFilter(ApplicationFilterChain.java:166)
	at org.springframework.web.filter.RequestContextFilter.doFilterInternal(RequestContextFilter.java:100)
	at org.springframework.web.filter.OncePerRequestFilter.doFilter(OncePerRequestFilter.java:119)
	at org.apache.catalina.core.ApplicationFilterChain.internalDoFilter(ApplicationFilterChain.java:193)
	at org.apache.catalina.core.ApplicationFilterChain.doFilter(ApplicationFilterChain.java:166)
	at org.springframework.web.filter.FormContentFilter.doFilterInternal(FormContentFilter.java:93)
	at org.springframework.web.filter.OncePerRequestFilter.doFilter(OncePerRequestFilter.java:119)
	at org.apache.catalina.core.ApplicationFilterChain.internalDoFilter(ApplicationFilterChain.java:193)
	at org.apache.catalina.core.ApplicationFilterChain.doFilter(ApplicationFilterChain.java:166)
	at org.springframework.web.filter.CharacterEncodingFilter.doFilterInternal(CharacterEncodingFilter.java:201)
	at org.springframework.web.filter.OncePerRequestFilter.doFilter(OncePerRequestFilter.java:119)
	at org.apache.catalina.core.ApplicationFilterChain.internalDoFilter(ApplicationFilterChain.java:193)
	at org.apache.catalina.core.ApplicationFilterChain.doFilter(ApplicationFilterChain.java:166)
	at org.apache.catalina.core.StandardWrapperValve.invoke(StandardWrapperValve.java:202)
	at org.apache.catalina.core.StandardContextValve.invoke(StandardContextValve.java:96)
	at org.apache.catalina.authenticator.AuthenticatorBase.invoke(AuthenticatorBase.java:526)
	at org.apache.catalina.core.StandardHostValve.invoke(StandardHostValve.java:139)
	at org.apache.catalina.valves.ErrorReportValve.invoke(ErrorReportValve.java:92)
	at org.apache.catalina.core.StandardEngineValve.invoke(StandardEngineValve.java:74)
	at org.apache.catalina.connector.CoyoteAdapter.service(CoyoteAdapter.java:343)
	at org.apache.coyote.http11.Http11Processor.service(Http11Processor.java:367)
	at org.apache.coyote.AbstractProcessorLight.process(AbstractProcessorLight.java:65)
	at org.apache.coyote.AbstractProtocol$ConnectionHandler.process(AbstractProtocol.java:860)
	at org.apache.tomcat.util.net.NioEndpoint$SocketProcessor.doRun(NioEndpoint.java:1591)
	at org.apache.tomcat.util.net.SocketProcessorBase.run(SocketProcessorBase.java:49)
	at java.util.concurrent.ThreadPoolExecutor.runWorker(ThreadPoolExecutor.java:1142)
	at java.util.concurrent.ThreadPoolExecutor$Worker.run(ThreadPoolExecutor.java:617)
	at org.apache.tomcat.util.threads.TaskThread$WrappingRunnable.run(TaskThread.java:61)
	at java.lang.Thread.run(Thread.java:745)
2020-02-13 13:58:09.129 [scheduling-1] INFO  c.l.t.s.ImportRecordScheduler - exec test1=====>>>>>
2020-02-13 13:59:49.130 [scheduling-1] INFO  c.l.t.s.ImportRecordScheduler - exec test1=====>>>>>
2020-02-13 14:01:29.129 [scheduling-1] INFO  c.l.t.s.ImportRecordScheduler - exec test1=====>>>>>
2020-02-13 14:03:09.128 [scheduling-1] INFO  c.l.t.s.ImportRecordScheduler - exec test1=====>>>>>
2020-02-13 14:04:49.130 [scheduling-1] INFO  c.l.t.s.ImportRecordScheduler - exec test1=====>>>>>
2020-02-13 14:06:29.128 [scheduling-1] INFO  c.l.t.s.ImportRecordScheduler - exec test1=====>>>>>
2020-02-13 14:08:09.130 [scheduling-1] INFO  c.l.t.s.ImportRecordScheduler - exec test1=====>>>>>
2020-02-13 14:09:49.128 [scheduling-1] INFO  c.l.t.s.ImportRecordScheduler - exec test1=====>>>>>
2020-02-13 14:11:29.129 [scheduling-1] INFO  c.l.t.s.ImportRecordScheduler - exec test1=====>>>>>
2020-02-13 14:13:09.129 [scheduling-1] INFO  c.l.t.s.ImportRecordScheduler - exec test1=====>>>>>
2020-02-13 14:14:49.129 [scheduling-1] INFO  c.l.t.s.ImportRecordScheduler - exec test1=====>>>>>
2020-02-13 14:16:08.159 [http-nio-8989-exec-9] WARN  com.zaxxer.hikari.pool.PoolBase - HikariPool-1 - Failed to validate connection com.mysql.cj.jdbc.ConnectionImpl@1712fc9 (No operations allowed after connection closed.). Possibly consider using a shorter maxLifetime value.
2020-02-13 14:16:13.163 [http-nio-8989-exec-9] WARN  com.zaxxer.hikari.pool.PoolBase - HikariPool-1 - Failed to validate connection com.mysql.cj.jdbc.ConnectionImpl@78e5a4 (No operations allowed after connection closed.). Possibly consider using a shorter maxLifetime value.
2020-02-13 14:16:18.166 [http-nio-8989-exec-9] WARN  com.zaxxer.hikari.pool.PoolBase - HikariPool-1 - Failed to validate connection com.mysql.cj.jdbc.ConnectionImpl@3c5b5a (No operations allowed after connection closed.). Possibly consider using a shorter maxLifetime value.
2020-02-13 14:16:24.900 [http-nio-8989-exec-9] WARN  com.zaxxer.hikari.pool.PoolBase - HikariPool-1 - Failed to validate connection com.mysql.cj.jdbc.ConnectionImpl@11c334c (No operations allowed after connection closed.). Possibly consider using a shorter maxLifetime value.
2020-02-13 14:16:29.128 [scheduling-1] INFO  c.l.t.s.ImportRecordScheduler - exec test1=====>>>>>
2020-02-13 14:16:29.905 [http-nio-8989-exec-9] WARN  com.zaxxer.hikari.pool.PoolBase - HikariPool-1 - Failed to validate connection com.mysql.cj.jdbc.ConnectionImpl@2cc69e (No operations allowed after connection closed.). Possibly consider using a shorter maxLifetime value.
2020-02-13 14:16:34.908 [http-nio-8989-exec-9] WARN  com.zaxxer.hikari.pool.PoolBase - HikariPool-1 - Failed to validate connection com.mysql.cj.jdbc.ConnectionImpl@16391b9 (No operations allowed after connection closed.). Possibly consider using a shorter maxLifetime value.
2020-02-13 14:16:34.909 [http-nio-8989-exec-9] WARN  o.h.e.jdbc.spi.SqlExceptionHelper - SQL Error: 0, SQLState: 08003
2020-02-13 14:16:34.909 [http-nio-8989-exec-9] ERROR o.h.e.jdbc.spi.SqlExceptionHelper - HikariPool-1 - Connection is not available, request timed out after 31755ms.
2020-02-13 14:16:34.909 [http-nio-8989-exec-9] ERROR o.h.e.jdbc.spi.SqlExceptionHelper - No operations allowed after connection closed.
2020-02-13 14:16:34.910 [http-nio-8989-exec-9] ERROR o.a.c.c.C.[.[.[.[dispatcherServlet] - Servlet.service() for servlet [dispatcherServlet] in context with path [] threw exception [Request processing failed; nested exception is org.springframework.transaction.CannotCreateTransactionException: Could not open JPA EntityManager for transaction; nested exception is org.hibernate.exception.JDBCConnectionException: Unable to acquire JDBC Connection] with root cause
com.mysql.cj.exceptions.ConnectionIsClosedException: No operations allowed after connection closed.
	at sun.reflect.NativeConstructorAccessorImpl.newInstance0(Native Method)
	at sun.reflect.NativeConstructorAccessorImpl.newInstance(NativeConstructorAccessorImpl.java:62)
	at sun.reflect.DelegatingConstructorAccessorImpl.newInstance(DelegatingConstructorAccessorImpl.java:45)
	at java.lang.reflect.Constructor.newInstance(Constructor.java:422)
	at com.mysql.cj.exceptions.ExceptionFactory.createException(ExceptionFactory.java:61)
	at com.mysql.cj.exceptions.ExceptionFactory.createException(ExceptionFactory.java:105)
	at com.mysql.cj.exceptions.ExceptionFactory.createException(ExceptionFactory.java:151)
	at com.mysql.cj.NativeSession.checkClosed(NativeSession.java:1171)
	at com.mysql.cj.jdbc.ConnectionImpl.checkClosed(ConnectionImpl.java:576)
	at com.mysql.cj.jdbc.ConnectionImpl.setNetworkTimeout(ConnectionImpl.java:2486)
	at com.zaxxer.hikari.pool.PoolBase.setNetworkTimeout(PoolBase.java:552)
	at com.zaxxer.hikari.pool.PoolBase.isConnectionAlive(PoolBase.java:168)
	at com.zaxxer.hikari.pool.HikariPool.getConnection(HikariPool.java:185)
	at com.zaxxer.hikari.pool.HikariPool.getConnection(HikariPool.java:161)
	at com.zaxxer.hikari.HikariDataSource.getConnection(HikariDataSource.java:128)
	at org.hibernate.engine.jdbc.connections.internal.DatasourceConnectionProviderImpl.getConnection(DatasourceConnectionProviderImpl.java:122)
	at org.hibernate.internal.NonContextualJdbcConnectionAccess.obtainConnection(NonContextualJdbcConnectionAccess.java:38)
	at org.hibernate.resource.jdbc.internal.LogicalConnectionManagedImpl.acquireConnectionIfNeeded(LogicalConnectionManagedImpl.java:104)
	at org.hibernate.resource.jdbc.internal.LogicalConnectionManagedImpl.getPhysicalConnection(LogicalConnectionManagedImpl.java:134)
	at org.hibernate.internal.SessionImpl.connection(SessionImpl.java:462)
	at sun.reflect.NativeMethodAccessorImpl.invoke0(Native Method)
	at sun.reflect.NativeMethodAccessorImpl.invoke(NativeMethodAccessorImpl.java:62)
	at sun.reflect.DelegatingMethodAccessorImpl.invoke(DelegatingMethodAccessorImpl.java:43)
	at java.lang.reflect.Method.invoke(Method.java:497)
	at org.springframework.util.ReflectionUtils.invokeMethod(ReflectionUtils.java:282)
	at org.springframework.util.ReflectionUtils.invokeMethod(ReflectionUtils.java:266)
	at org.springframework.orm.jpa.vendor.HibernateJpaDialect$HibernateConnectionHandle.doGetConnection(HibernateJpaDialect.java:430)
	at org.springframework.orm.jpa.vendor.HibernateJpaDialect.beginTransaction(HibernateJpaDialect.java:174)
	at org.springframework.orm.jpa.JpaTransactionManager.doBegin(JpaTransactionManager.java:402)
	at org.springframework.transaction.support.AbstractPlatformTransactionManager.getTransaction(AbstractPlatformTransactionManager.java:376)
	at org.springframework.transaction.interceptor.TransactionAspectSupport.createTransactionIfNecessary(TransactionAspectSupport.java:572)
	at org.springframework.transaction.interceptor.TransactionAspectSupport.invokeWithinTransaction(TransactionAspectSupport.java:360)
	at org.springframework.transaction.interceptor.TransactionInterceptor.invoke(TransactionInterceptor.java:99)
	at org.springframework.aop.framework.ReflectiveMethodInvocation.proceed(ReflectiveMethodInvocation.java:186)
	at org.springframework.dao.support.PersistenceExceptionTranslationInterceptor.invoke(PersistenceExceptionTranslationInterceptor.java:139)
	at org.springframework.aop.framework.ReflectiveMethodInvocation.proceed(ReflectiveMethodInvocation.java:186)
	at org.springframework.data.jpa.repository.support.CrudMethodMetadataPostProcessor$CrudMethodMetadataPopulatingMethodInterceptor.invoke(CrudMethodMetadataPostProcessor.java:178)
	at org.springframework.aop.framework.ReflectiveMethodInvocation.proceed(ReflectiveMethodInvocation.java:186)
	at org.springframework.aop.interceptor.ExposeInvocationInterceptor.invoke(ExposeInvocationInterceptor.java:93)
	at org.springframework.aop.framework.ReflectiveMethodInvocation.proceed(ReflectiveMethodInvocation.java:186)
	at org.springframework.aop.framework.JdkDynamicAopProxy.invoke(JdkDynamicAopProxy.java:212)
	at com.sun.proxy.$Proxy135.findById(Unknown Source)
	at com.lewic.todoscore.service.impl.TaskServiceImpl.updateOne(TaskServiceImpl.java:51)
	at com.lewic.todoscore.rest.TaskController.edit(TaskController.java:69)
	at sun.reflect.NativeMethodAccessorImpl.invoke0(Native Method)
	at sun.reflect.NativeMethodAccessorImpl.invoke(NativeMethodAccessorImpl.java:62)
	at sun.reflect.DelegatingMethodAccessorImpl.invoke(DelegatingMethodAccessorImpl.java:43)
	at java.lang.reflect.Method.invoke(Method.java:497)
	at org.springframework.web.method.support.InvocableHandlerMethod.doInvoke(InvocableHandlerMethod.java:190)
	at org.springframework.web.method.support.InvocableHandlerMethod.invokeForRequest(InvocableHandlerMethod.java:138)
	at org.springframework.web.servlet.mvc.method.annotation.ServletInvocableHandlerMethod.invokeAndHandle(ServletInvocableHandlerMethod.java:106)
	at org.springframework.web.servlet.mvc.method.annotation.RequestMappingHandlerAdapter.invokeHandlerMethod(RequestMappingHandlerAdapter.java:888)
	at org.springframework.web.servlet.mvc.method.annotation.RequestMappingHandlerAdapter.handleInternal(RequestMappingHandlerAdapter.java:793)
	at org.springframework.web.servlet.mvc.method.AbstractHandlerMethodAdapter.handle(AbstractHandlerMethodAdapter.java:87)
	at org.springframework.web.servlet.DispatcherServlet.doDispatch(DispatcherServlet.java:1040)
	at org.springframework.web.servlet.DispatcherServlet.doService(DispatcherServlet.java:943)
	at org.springframework.web.servlet.FrameworkServlet.processRequest(FrameworkServlet.java:1006)
	at org.springframework.web.servlet.FrameworkServlet.doPut(FrameworkServlet.java:920)
	at javax.servlet.http.HttpServlet.service(HttpServlet.java:663)
	at org.springframework.web.servlet.FrameworkServlet.service(FrameworkServlet.java:883)
	at javax.servlet.http.HttpServlet.service(HttpServlet.java:741)
	at org.apache.catalina.core.ApplicationFilterChain.internalDoFilter(ApplicationFilterChain.java:231)
	at org.apache.catalina.core.ApplicationFilterChain.doFilter(ApplicationFilterChain.java:166)
	at org.apache.tomcat.websocket.server.WsFilter.doFilter(WsFilter.java:53)
	at org.apache.catalina.core.ApplicationFilterChain.internalDoFilter(ApplicationFilterChain.java:193)
	at org.apache.catalina.core.ApplicationFilterChain.doFilter(ApplicationFilterChain.java:166)
	at org.springframework.web.filter.RequestContextFilter.doFilterInternal(RequestContextFilter.java:100)
	at org.springframework.web.filter.OncePerRequestFilter.doFilter(OncePerRequestFilter.java:119)
	at org.apache.catalina.core.ApplicationFilterChain.internalDoFilter(ApplicationFilterChain.java:193)
	at org.apache.catalina.core.ApplicationFilterChain.doFilter(ApplicationFilterChain.java:166)
	at org.springframework.web.filter.FormContentFilter.doFilterInternal(FormContentFilter.java:93)
	at org.springframework.web.filter.OncePerRequestFilter.doFilter(OncePerRequestFilter.java:119)
	at org.apache.catalina.core.ApplicationFilterChain.internalDoFilter(ApplicationFilterChain.java:193)
	at org.apache.catalina.core.ApplicationFilterChain.doFilter(ApplicationFilterChain.java:166)
	at org.springframework.web.filter.CharacterEncodingFilter.doFilterInternal(CharacterEncodingFilter.java:201)
	at org.springframework.web.filter.OncePerRequestFilter.doFilter(OncePerRequestFilter.java:119)
	at org.apache.catalina.core.ApplicationFilterChain.internalDoFilter(ApplicationFilterChain.java:193)
	at org.apache.catalina.core.ApplicationFilterChain.doFilter(ApplicationFilterChain.java:166)
	at org.apache.catalina.core.StandardWrapperValve.invoke(StandardWrapperValve.java:202)
	at org.apache.catalina.core.StandardContextValve.invoke(StandardContextValve.java:96)
	at org.apache.catalina.authenticator.AuthenticatorBase.invoke(AuthenticatorBase.java:526)
	at org.apache.catalina.core.StandardHostValve.invoke(StandardHostValve.java:139)
	at org.apache.catalina.valves.ErrorReportValve.invoke(ErrorReportValve.java:92)
	at org.apache.catalina.core.StandardEngineValve.invoke(StandardEngineValve.java:74)
	at org.apache.catalina.connector.CoyoteAdapter.service(CoyoteAdapter.java:343)
	at org.apache.coyote.http11.Http11Processor.service(Http11Processor.java:367)
	at org.apache.coyote.AbstractProcessorLight.process(AbstractProcessorLight.java:65)
	at org.apache.coyote.AbstractProtocol$ConnectionHandler.process(AbstractProtocol.java:860)
	at org.apache.tomcat.util.net.NioEndpoint$SocketProcessor.doRun(NioEndpoint.java:1591)
	at org.apache.tomcat.util.net.SocketProcessorBase.run(SocketProcessorBase.java:49)
	at java.util.concurrent.ThreadPoolExecutor.runWorker(ThreadPoolExecutor.java:1142)
	at java.util.concurrent.ThreadPoolExecutor$Worker.run(ThreadPoolExecutor.java:617)
	at org.apache.tomcat.util.threads.TaskThread$WrappingRunnable.run(TaskThread.java:61)
	at java.lang.Thread.run(Thread.java:745)
2020-02-13 14:18:09.129 [scheduling-1] INFO  c.l.t.s.ImportRecordScheduler - exec test1=====>>>>>
2020-02-13 14:19:49.130 [scheduling-1] INFO  c.l.t.s.ImportRecordScheduler - exec test1=====>>>>>
2020-02-13 14:21:29.129 [scheduling-1] INFO  c.l.t.s.ImportRecordScheduler - exec test1=====>>>>>
2020-02-13 14:23:09.130 [scheduling-1] INFO  c.l.t.s.ImportRecordScheduler - exec test1=====>>>>>
2020-02-13 14:23:58.770 [http-nio-8989-exec-2] WARN  com.zaxxer.hikari.pool.PoolBase - HikariPool-1 - Failed to validate connection com.mysql.cj.jdbc.ConnectionImpl@d9d7cb (No operations allowed after connection closed.). Possibly consider using a shorter maxLifetime value.
2020-02-13 14:24:03.779 [http-nio-8989-exec-2] WARN  com.zaxxer.hikari.pool.PoolBase - HikariPool-1 - Failed to validate connection com.mysql.cj.jdbc.ConnectionImpl@e77568 (No operations allowed after connection closed.). Possibly consider using a shorter maxLifetime value.
2020-02-13 14:24:08.789 [http-nio-8989-exec-2] WARN  com.zaxxer.hikari.pool.PoolBase - HikariPool-1 - Failed to validate connection com.mysql.cj.jdbc.ConnectionImpl@10e5788 (No operations allowed after connection closed.). Possibly consider using a shorter maxLifetime value.
2020-02-13 14:24:12.484 [SpringContextShutdownHook] INFO  o.s.s.c.ThreadPoolTaskScheduler - Shutting down ExecutorService 'taskScheduler'
2020-02-13 14:24:12.484 [SpringContextShutdownHook] INFO  o.s.s.c.ThreadPoolTaskExecutor - Shutting down ExecutorService 'applicationTaskExecutor'
2020-02-13 14:24:12.493 [SpringContextShutdownHook] INFO  o.s.o.j.LocalContainerEntityManagerFactoryBean - Closing JPA EntityManagerFactory for persistence unit 'primaryPersistenceUnit'
2020-02-13 14:24:12.512 [SpringContextShutdownHook] INFO  com.zaxxer.hikari.HikariDataSource - HikariPool-1 - Shutdown initiated...
2020-02-13 14:24:12.537 [SpringContextShutdownHook] INFO  com.zaxxer.hikari.HikariDataSource - HikariPool-1 - Shutdown completed.
2020-02-13 14:24:12.538 [http-nio-8989-exec-2] WARN  com.zaxxer.hikari.pool.PoolBase - HikariPool-1 - Failed to validate connection com.mysql.cj.jdbc.ConnectionImpl@3b35c (No operations allowed after connection closed.). Possibly consider using a shorter maxLifetime value.
2020-02-13 14:24:15.462 [http-nio-8989-exec-2] WARN  o.h.e.jdbc.spi.SqlExceptionHelper - SQL Error: 0, SQLState: null
2020-02-13 14:24:15.463 [http-nio-8989-exec-2] ERROR o.h.e.jdbc.spi.SqlExceptionHelper - HikariPool-1 - Interrupted during connection acquisition
2020-02-13 14:24:22.144 [restartedMain] INFO  c.l.todoscore.TodoScoreApplication - Starting TodoScoreApplication on DESKTOP-OV0MBIP with PID 10828 (E:\lewic\code\git\todo-score\target\classes started by lewic in E:\lewic\code\git\todo-score)
2020-02-13 14:24:22.149 [restartedMain] DEBUG c.l.todoscore.TodoScoreApplication - Running with Spring Boot v2.2.2.RELEASE, Spring v5.2.2.RELEASE
2020-02-13 14:24:22.149 [restartedMain] INFO  c.l.todoscore.TodoScoreApplication - The following profiles are active: dev
2020-02-13 14:24:22.272 [restartedMain] INFO  o.s.b.d.restart.ChangeableUrls - The Class-Path manifest attribute in C:\Users\lewic\.m2\repository\org\glassfish\jaxb\jaxb-runtime\2.3.2\jaxb-runtime-2.3.2.jar referenced one or more files that do not exist: file:/C:/Users/lewic/.m2/repository/org/glassfish/jaxb/jaxb-runtime/2.3.2/jakarta.xml.bind-api-2.3.2.jar,file:/C:/Users/lewic/.m2/repository/org/glassfish/jaxb/jaxb-runtime/2.3.2/txw2-2.3.2.jar,file:/C:/Users/lewic/.m2/repository/org/glassfish/jaxb/jaxb-runtime/2.3.2/istack-commons-runtime-3.0.8.jar,file:/C:/Users/lewic/.m2/repository/org/glassfish/jaxb/jaxb-runtime/2.3.2/stax-ex-1.8.1.jar,file:/C:/Users/lewic/.m2/repository/org/glassfish/jaxb/jaxb-runtime/2.3.2/FastInfoset-1.2.16.jar,file:/C:/Users/lewic/.m2/repository/org/glassfish/jaxb/jaxb-runtime/2.3.2/jakarta.activation-api-1.2.1.jar
2020-02-13 14:24:22.273 [restartedMain] INFO  o.s.b.d.e.DevToolsPropertyDefaultsPostProcessor - Devtools property defaults active! Set 'spring.devtools.add-properties' to 'false' to disable
2020-02-13 14:24:22.273 [restartedMain] INFO  o.s.b.d.e.DevToolsPropertyDefaultsPostProcessor - For additional web related logging consider setting the 'logging.level.web' property to 'DEBUG'
2020-02-13 14:24:24.004 [restartedMain] INFO  o.s.d.r.c.RepositoryConfigurationDelegate - Bootstrapping Spring Data JPA repositories in DEFAULT mode.
2020-02-13 14:24:24.113 [restartedMain] INFO  o.s.d.r.c.RepositoryConfigurationDelegate - Finished Spring Data repository scanning in 94ms. Found 4 JPA repository interfaces.
2020-02-13 14:24:24.567 [restartedMain] WARN  o.m.s.mapper.ClassPathMapperScanner - Skipping MapperFactoryBean with name 'cycleTypeDao' and 'com.lewic.todoscore.dao.jpa.primary.CycleTypeDao' mapperInterface. Bean already defined with the same name!
2020-02-13 14:24:24.568 [restartedMain] WARN  o.m.s.mapper.ClassPathMapperScanner - Skipping MapperFactoryBean with name 'taskDao' and 'com.lewic.todoscore.dao.jpa.primary.TaskDao' mapperInterface. Bean already defined with the same name!
2020-02-13 14:24:24.568 [restartedMain] WARN  o.m.s.mapper.ClassPathMapperScanner - Skipping MapperFactoryBean with name 'taskRecordDao' and 'com.lewic.todoscore.dao.jpa.primary.TaskRecordDao' mapperInterface. Bean already defined with the same name!
2020-02-13 14:24:24.568 [restartedMain] WARN  o.m.s.mapper.ClassPathMapperScanner - Skipping MapperFactoryBean with name 'workdayDao' and 'com.lewic.todoscore.dao.jpa.primary.WorkdayDao' mapperInterface. Bean already defined with the same name!
2020-02-13 14:24:24.568 [restartedMain] WARN  o.m.s.mapper.ClassPathMapperScanner - Skipping MapperFactoryBean with name 'taskRecordMapper' and 'com.lewic.todoscore.dao.mybatis.master.TaskRecordMapper' mapperInterface. Bean already defined with the same name!
2020-02-13 14:24:24.568 [restartedMain] WARN  o.m.s.mapper.ClassPathMapperScanner - Skipping MapperFactoryBean with name 'userMapper' and 'com.lewic.todoscore.dao.mybatis.master.UserMapper' mapperInterface. Bean already defined with the same name!
2020-02-13 14:24:24.568 [restartedMain] WARN  o.m.s.mapper.ClassPathMapperScanner - No MyBatis mapper was found in '[com.lewic.todoscore.dao]' package. Please check your configuration.
2020-02-13 14:24:24.907 [restartedMain] INFO  o.s.c.s.PostProcessorRegistrationDelegate$BeanPostProcessorChecker - Bean 'org.springframework.transaction.annotation.ProxyTransactionManagementConfiguration' of type [org.springframework.transaction.annotation.ProxyTransactionManagementConfiguration] is not eligible for getting processed by all BeanPostProcessors (for example: not eligible for auto-proxying)
2020-02-13 14:24:25.529 [restartedMain] INFO  o.s.b.w.e.tomcat.TomcatWebServer - Tomcat initialized with port(s): 8989 (http)
2020-02-13 14:24:25.547 [restartedMain] INFO  o.a.coyote.http11.Http11NioProtocol - Initializing ProtocolHandler ["http-nio-8989"]
2020-02-13 14:24:25.549 [restartedMain] INFO  o.a.catalina.core.StandardService - Starting service [Tomcat]
2020-02-13 14:24:25.549 [restartedMain] INFO  o.a.catalina.core.StandardEngine - Starting Servlet engine: [Apache Tomcat/9.0.29]
2020-02-13 14:24:25.796 [restartedMain] INFO  o.a.c.c.C.[Tomcat].[localhost].[/] - Initializing Spring embedded WebApplicationContext
2020-02-13 14:24:25.796 [restartedMain] INFO  o.s.web.context.ContextLoader - Root WebApplicationContext: initialization completed in 3522 ms
2020-02-13 14:24:26.054 [restartedMain] INFO  o.h.jpa.internal.util.LogHelper - HHH000204: Processing PersistenceUnitInfo [name: primaryPersistenceUnit]
2020-02-13 14:24:26.170 [restartedMain] INFO  org.hibernate.Version - HHH000412: Hibernate Core {5.4.9.Final}
2020-02-13 14:24:26.437 [restartedMain] INFO  o.h.annotations.common.Version - HCANN000001: Hibernate Commons Annotations {5.1.0.Final}
2020-02-13 14:24:26.614 [restartedMain] INFO  com.zaxxer.hikari.HikariDataSource - HikariPool-1 - Starting...
2020-02-13 14:24:27.460 [restartedMain] INFO  com.zaxxer.hikari.HikariDataSource - HikariPool-1 - Start completed.
2020-02-13 14:24:27.492 [restartedMain] INFO  org.hibernate.dialect.Dialect - HHH000400: Using dialect: org.hibernate.dialect.MySQL5InnoDBDialect
2020-02-13 14:24:29.002 [restartedMain] INFO  o.h.e.t.j.p.i.JtaPlatformInitiator - HHH000490: Using JtaPlatform implementation: [org.hibernate.engine.transaction.jta.platform.internal.NoJtaPlatform]
2020-02-13 14:24:29.012 [restartedMain] INFO  o.s.o.j.LocalContainerEntityManagerFactoryBean - Initialized JPA EntityManagerFactory for persistence unit 'primaryPersistenceUnit'
2020-02-13 14:24:29.035 [restartedMain] INFO  o.s.b.d.a.OptionalLiveReloadServer - LiveReload server is running on port 35729
2020-02-13 14:24:30.326 [restartedMain] WARN  o.s.b.a.o.j.JpaBaseConfiguration$JpaWebConfiguration - spring.jpa.open-in-view is enabled by default. Therefore, database queries may be performed during view rendering. Explicitly configure spring.jpa.open-in-view to disable this warning
2020-02-13 14:24:30.675 [restartedMain] INFO  o.s.s.c.ThreadPoolTaskExecutor - Initializing ExecutorService 'applicationTaskExecutor'
2020-02-13 14:24:30.744 [restartedMain] INFO  o.s.b.a.w.s.WelcomePageHandlerMapping - Adding welcome page: class path resource [static/index.html]
2020-02-13 14:24:30.848 [restartedMain] INFO  o.s.s.c.ThreadPoolTaskScheduler - Initializing ExecutorService 'taskScheduler'
2020-02-13 14:24:30.944 [restartedMain] INFO  s.d.s.w.p.DocumentationPluginsBootstrapper - Context refreshed
2020-02-13 14:24:30.965 [restartedMain] INFO  s.d.s.w.p.DocumentationPluginsBootstrapper - Found 1 custom documentation plugin(s)
2020-02-13 14:24:30.979 [restartedMain] INFO  s.d.s.w.s.ApiListingReferenceScanner - Scanning for api listing references
2020-02-13 14:24:31.358 [restartedMain] INFO  o.a.coyote.http11.Http11NioProtocol - Starting ProtocolHandler ["http-nio-8989"]
2020-02-13 14:24:31.398 [restartedMain] INFO  o.s.b.w.e.tomcat.TomcatWebServer - Tomcat started on port(s): 8989 (http) with context path ''
2020-02-13 14:24:31.402 [restartedMain] INFO  c.l.todoscore.TodoScoreApplication - Started TodoScoreApplication in 10.165 seconds (JVM running for 13.082)
2020-02-13 14:26:11.357 [scheduling-1] INFO  c.l.t.s.ImportRecordScheduler - exec test1=====>>>>>
2020-02-13 14:26:30.538 [http-nio-8989-exec-1] INFO  o.a.c.c.C.[Tomcat].[localhost].[/] - Initializing Spring DispatcherServlet 'dispatcherServlet'
2020-02-13 14:26:30.539 [http-nio-8989-exec-1] INFO  o.s.web.servlet.DispatcherServlet - Initializing Servlet 'dispatcherServlet'
2020-02-13 14:26:30.548 [http-nio-8989-exec-1] INFO  o.s.web.servlet.DispatcherServlet - Completed initialization in 9 ms
